<?xml version="1.0" encoding="UTF-8"?>
<!-- Generated by org.testng.reporters.JUnitReportReporter -->
<testsuite hostname="Helen_X230" failures="0" tests="3" name="Search.SecuritiesSearch" time="80.275" errors="0" timestamp="2021-11-30T16:44:36 CST" skipped="0">
  <testcase classname="Search.SecuritiesSearch" name="logout" time="3.678"/>
  <system-out/>
  <testcase classname="Search.SecuritiesSearch" name="login" time="12.287"/>
  <system-out>
    <![CDATA[[DXCM, ORLY, VRSK] to be searched]]>
  </system-out>
  <testcase classname="Search.SecuritiesSearch" name="search" time="64.310"/>
  <system-out>
    <![CDATA[Trying to search DXCM
DexCom, Inc. (DXCM) is found
1/1 found
Trying to search ORLY
O&#x27;Reilly Automotive, Inc. (ORLY) is found
2/2 found
Trying to search VRSK
Verisk Analytics, Inc. (VRSK) is found
3/3 found
All securites have been found.]]>
  </system-out>
</testsuite> <!-- Search.SecuritiesSearch -->
