<?xml version="1.0" encoding="UTF-8"?>
<!-- Generated by org.testng.reporters.JUnitReportReporter -->
<testsuite hostname="Helen_X230" failures="0" tests="1" name="test.ui.WealthFormula.QuarterlyTotalValueAndReturn" time="42.713" errors="1" timestamp="2021-12-01T15:28:56 CST" skipped="0">
  <testcase classname="test.ui.WealthFormula.QuarterlyTotalValueAndReturn" name="wealthFormula" time="42.713">
    <error message="empty String" type="java.lang.NumberFormatException">
      <![CDATA[java.lang.NumberFormatException: empty String
at java.base/jdk.internal.math.FloatingDecimal.readJavaFormatString(FloatingDecimal.java:1842)
at java.base/jdk.internal.math.FloatingDecimal.parseFloat(FloatingDecimal.java:122)
at java.base/java.lang.Float.parseFloat(Float.java:468)
at test.ui.WealthFormula.QuarterlyTotalValueAndReturn.wealthFormula(QuarterlyTotalValueAndReturn.java:121)
at java.base/jdk.internal.reflect.NativeMethodAccessorImpl.invoke0(Native Method)
at java.base/jdk.internal.reflect.NativeMethodAccessorImpl.invoke(NativeMethodAccessorImpl.java:78)
at java.base/jdk.internal.reflect.DelegatingMethodAccessorImpl.invoke(DelegatingMethodAccessorImpl.java:43)
at java.base/java.lang.reflect.Method.invoke(Method.java:567)
at org.testng.internal.MethodInvocationHelper.invokeMethod(MethodInvocationHelper.java:133)
at org.testng.internal.TestInvoker.invokeMethod(TestInvoker.java:598)
at org.testng.internal.TestInvoker.invokeTestMethod(TestInvoker.java:173)
at org.testng.internal.MethodRunner.runInSequence(MethodRunner.java:46)
at org.testng.internal.TestInvoker$MethodInvocationAgent.invoke(TestInvoker.java:824)
at org.testng.internal.TestInvoker.invokeTestMethods(TestInvoker.java:146)
at org.testng.internal.TestMethodWorker.invokeTestMethods(TestMethodWorker.java:146)
at org.testng.internal.TestMethodWorker.run(TestMethodWorker.java:128)
at java.base/java.util.concurrent.ThreadPoolExecutor.runWorker(ThreadPoolExecutor.java:1130)
at java.base/java.util.concurrent.ThreadPoolExecutor$Worker.run(ThreadPoolExecutor.java:630)
at java.base/java.lang.Thread.run(Thread.java:831)
]]>
    </error>
  </testcase> <!-- wealthFormula -->
  <system-out>
    <![CDATA[Wealth Formula quarterly Total Value and Return Test 
MSFT-Microsoft Corporation[Stocks],01 May 2017,5
ADBE-Adobe Inc.[Stocks],01 May 2018,50
GOOG-Alphabet Inc.[Stocks],01 May 2019,500
AAPL-Apple Inc.[Stocks],01 May 2016,6
]]>
  </system-out>
</testsuite> <!-- test.ui.WealthFormula.QuarterlyTotalValueAndReturn -->
