<?xml version="1.0" encoding="UTF-8"?>
<!-- Generated by org.testng.reporters.JUnitReportReporter -->
<testsuite hostname="Helen_X230" failures="1" tests="1" name="test.ui.WealthFormula.OnceAtTheBeginningShareAndCash" time="215.584" errors="0" timestamp="2021-12-01T15:28:56 CST" skipped="0">
  <testcase classname="test.ui.WealthFormula.OnceAtTheBeginningShareAndCash" name="wealthFormula" time="215.584">
    <failure message="The following asserts failed:
	AAPL-Apple Inc.[Stocks] 2020-09-01 Share is incorrect expected [590] but found [596]" type="java.lang.AssertionError">
      <![CDATA[java.lang.AssertionError: The following asserts failed:
AAPL-Apple Inc.[Stocks] 2020-09-01 Share is incorrect expected [590] but found [596]
at org.testng.asserts.SoftAssert.assertAll(SoftAssert.java:47)
at org.testng.asserts.SoftAssert.assertAll(SoftAssert.java:31)
at test.ui.WealthFormula.OnceAtTheBeginningShareAndCash.wealthFormula(OnceAtTheBeginningShareAndCash.java:271)
at java.base/jdk.internal.reflect.NativeMethodAccessorImpl.invoke0(Native Method)
at java.base/jdk.internal.reflect.NativeMethodAccessorImpl.invoke(NativeMethodAccessorImpl.java:78)
at java.base/jdk.internal.reflect.DelegatingMethodAccessorImpl.invoke(DelegatingMethodAccessorImpl.java:43)
at java.base/java.lang.reflect.Method.invoke(Method.java:567)
at org.testng.internal.MethodInvocationHelper.invokeMethod(MethodInvocationHelper.java:133)
at org.testng.internal.TestInvoker.invokeMethod(TestInvoker.java:598)
at org.testng.internal.TestInvoker.invokeTestMethod(TestInvoker.java:173)
at org.testng.internal.MethodRunner.runInSequence(MethodRunner.java:46)
at org.testng.internal.TestInvoker$MethodInvocationAgent.invoke(TestInvoker.java:824)
at org.testng.internal.TestInvoker.invokeTestMethods(TestInvoker.java:146)
at org.testng.internal.TestMethodWorker.invokeTestMethods(TestMethodWorker.java:146)
at org.testng.internal.TestMethodWorker.run(TestMethodWorker.java:128)
at java.base/java.util.concurrent.ThreadPoolExecutor.runWorker(ThreadPoolExecutor.java:1130)
at java.base/java.util.concurrent.ThreadPoolExecutor$Worker.run(ThreadPoolExecutor.java:630)
at java.base/java.lang.Thread.run(Thread.java:831)
]]>
    </failure>
  </testcase> <!-- wealthFormula -->
  <system-out>
    <![CDATA[Wealth Formula Once At The Beginning Share and Cash Test 
MSFT-Microsoft Corporation[Stocks],01 May 2017,5
ADBE-Adobe Inc.[Stocks],01 May 2018,50
GOOG-Alphabet Inc.[Stocks],01 May 2019,500
AAPL-Apple Inc.[Stocks],01 May 2016,6
]]>
  </system-out>
</testsuite> <!-- test.ui.WealthFormula.OnceAtTheBeginningShareAndCash -->
