<?xml version="1.0" encoding="UTF-8"?>
<!-- Generated by org.testng.reporters.JUnitReportReporter -->
<testsuite hostname="Helen_X230" failures="0" tests="1" name="WealthFomula.MonthlyInvestmentAndTotal" time="388.820" errors="0" timestamp="2021-12-01T14:49:42 CST" skipped="0">
  <testcase classname="WealthFomula.MonthlyInvestmentAndTotal" name="wealthFormula" time="388.820"/>
  <system-out>
    <![CDATA[Wealth Formula Monthly Investment and Investment Total Test 
MSFT-Microsoft Corporation[Stocks],01 May 2017,5
ADBE-Adobe Inc.[Stocks],01 May 2018,50
GOOG-Alphabet Inc.[Stocks],01 May 2019,500
AAPL-Apple Inc.[Stocks],01 May 2016,6
]]>
  </system-out>
</testsuite> <!-- WealthFomula.MonthlyInvestmentAndTotal -->
